<?xml version="1.0" encoding="UTF-8"?>
<!-- Generated by org.testng.reporters.JUnitReportReporter -->
<testsuite name="com.testcases.HomeTestPage" tests="5" time="38.294" ignored="0" failures="0" timestamp="27 Jun 2019 07:42:10 GMT" skipped="0" hostname="hgugapmbpp15077" errors="0">
  <testcase name="verifyExcelReports" time="3.019" classname="com.testcases.HomeTestPage"/>
  <testcase name="verifyContentReports" time="8.484" classname="com.testcases.HomeTestPage"/>
  <testcase name="verifyQbotlaunch" time="2.691" classname="com.testcases.HomeTestPage"/>
  <testcase name="verifyContentTesting" time="12.201" classname="com.testcases.HomeTestPage"/>
  <testcase name="verifyUsingExcel" time="11.899" classname="com.testcases.HomeTestPage"/>
</testsuite> <!-- com.testcases.HomeTestPage -->
