<?xml version="1.0" encoding="UTF-8"?>
<!-- Generated by org.testng.reporters.JUnitReportReporter -->
<testsuite name="com.testcases.HomeTestPage" tests="5" time="36.112" ignored="0" failures="0" timestamp="26 Jul 2019 07:28:00 GMT" skipped="0" hostname="hgugapmbpp15037" errors="0">
  <testcase name="verifyContentReports" time="6.254" classname="com.testcases.HomeTestPage"/>
  <testcase name="verifyExcelReports" time="2.896" classname="com.testcases.HomeTestPage"/>
  <testcase name="verifyContentTesting" time="12.320" classname="com.testcases.HomeTestPage"/>
  <testcase name="verifyUsingExcel" time="11.943" classname="com.testcases.HomeTestPage"/>
  <testcase name="verifyQbotlaunch" time="2.699" classname="com.testcases.HomeTestPage"/>
</testsuite> <!-- com.testcases.HomeTestPage -->
