<?xml version="1.0" encoding="UTF-8"?>
<!-- Generated by org.testng.reporters.JUnitReportReporter -->
<testsuite name="com.testcases.HomeTestPage" tests="5" time="36.829" ignored="0" failures="0" timestamp="26 Jul 2019 07:17:17 GMT" skipped="0" hostname="hgugapmbpp15037" errors="0">
  <testcase name="verifyContentReports" time="6.542" classname="com.testcases.HomeTestPage"/>
  <testcase name="verifyExcelReports" time="3.016" classname="com.testcases.HomeTestPage"/>
  <testcase name="verifyContentTesting" time="12.571" classname="com.testcases.HomeTestPage"/>
  <testcase name="verifyUsingExcel" time="11.961" classname="com.testcases.HomeTestPage"/>
  <testcase name="verifyQbotlaunch" time="2.739" classname="com.testcases.HomeTestPage"/>
</testsuite> <!-- com.testcases.HomeTestPage -->
